<?xml version="1.0" encoding="UTF-8"?>
<!-- Generated by org.testng.reporters.JUnitReportReporter -->
<testsuite hostname="DESKTOP-FK3HPDT" failures="0" tests="1" name="Page.Temwrk" time="76.207" errors="0" timestamp="2023-07-29T01:26:39 IST" skipped="0">
  <testcase classname="Page.Temwrk" name="testing" time="76.207"/>
  <system-out/>
</testsuite> <!-- Page.Temwrk -->
